<?xml version="1.0" encoding="UTF-8" ?>
<testsuite failures="0" time="0.001" errors="0" skipped="0" tests="0" name="com.aciworldwide.utility.dbdependency.FileUtilTest">
  <properties>
    <property name="java.runtime.name" value="Java(TM) SE Runtime Environment"/>
    <property name="sun.boot.library.path" value="C:\Program Files\Java\jdk1.6.0_43\jre\bin"/>
    <property name="java.vm.version" value="20.14-b01"/>
    <property name="java.vm.vendor" value="Sun Microsystems Inc."/>
    <property name="java.vendor.url" value="http://java.sun.com/"/>
    <property name="path.separator" value=";"/>
    <property name="java.vm.name" value="Java HotSpot(TM) 64-Bit Server VM"/>
    <property name="file.encoding.pkg" value="sun.io"/>
    <property name="user.country" value="US"/>
    <property name="sun.java.launcher" value="SUN_STANDARD"/>
    <property name="sun.os.patch.level" value="Service Pack 1"/>
    <property name="java.vm.specification.name" value="Java Virtual Machine Specification"/>
    <property name="user.dir" value="D:\Trunk_5\DBVersioningTool"/>
    <property name="java.runtime.version" value="1.6.0_43-b01"/>
    <property name="java.awt.graphicsenv" value="sun.awt.Win32GraphicsEnvironment"/>
    <property name="basedir" value="D:\Trunk_5\DBVersioningTool"/>
    <property name="java.endorsed.dirs" value="C:\Program Files\Java\jdk1.6.0_43\jre\lib\endorsed"/>
    <property name="os.arch" value="amd64"/>
    <property name="surefire.real.class.path" value="C:\Users\patkim\AppData\Local\Temp\surefirebooter3358719038438480798.jar"/>
    <property name="java.io.tmpdir" value="C:\Users\patkim\AppData\Local\Temp\"/>
    <property name="line.separator" value="
"/>
    <property name="java.vm.specification.vendor" value="Sun Microsystems Inc."/>
    <property name="user.variant" value=""/>
    <property name="os.name" value="Windows 7"/>
    <property name="sun.jnu.encoding" value="Cp1252"/>
    <property name="java.library.path" value="C:\Program Files\Java\jdk1.6.0_43\jre\bin;C:\windows\Sun\Java\bin;C:\windows\system32;C:\windows;C:\oraclexpress\app\oracle\product\11.2.0\server\bin;;C:\Program Files\Java\jdk1.6.0_43\bin;D:\apache-maven-2.2.1\bin;D:\Klocwork\User 9.2\bin;C:\windows\system32;C:\windows;C:\windows\System32\Wbem;C:\windows\System32\WindowsPowerShell\v1.0\;C:\Program Files (x86)\TortoiseSVN\bin;."/>
    <property name="surefire.test.class.path" value="D:\Trunk_5\DBVersioningTool\target\test-classes;D:\Trunk_5\DBVersioningTool\target\classes;D:\maven-repo\junit\junit\3.8.1\junit-3.8.1.jar;D:\maven-repo\log4j\log4j\1.2.16\log4j-1.2.16.jar;D:\maven-repo\com\googlecode\flyway\flyway-core\1.7\flyway-core-1.7.jar;D:\maven-repo\commons-logging\commons-logging\1.1.1\commons-logging-1.1.1.jar;D:\maven-repo\com\oracle\ojdbc6\11.2.0.1.0\ojdbc6-11.2.0.1.0.jar;"/>
    <property name="java.specification.name" value="Java Platform API Specification"/>
    <property name="java.class.version" value="50.0"/>
    <property name="sun.management.compiler" value="HotSpot 64-Bit Tiered Compilers"/>
    <property name="os.version" value="6.1"/>
    <property name="user.home" value="C:\Users\patkim"/>
    <property name="user.timezone" value=""/>
    <property name="java.awt.printerjob" value="sun.awt.windows.WPrinterJob"/>
    <property name="java.specification.version" value="1.6"/>
    <property name="file.encoding" value="Cp1252"/>
    <property name="user.name" value="patkim"/>
    <property name="java.class.path" value="D:\Trunk_5\DBVersioningTool\target\test-classes;D:\Trunk_5\DBVersioningTool\target\classes;D:\maven-repo\junit\junit\3.8.1\junit-3.8.1.jar;D:\maven-repo\log4j\log4j\1.2.16\log4j-1.2.16.jar;D:\maven-repo\com\googlecode\flyway\flyway-core\1.7\flyway-core-1.7.jar;D:\maven-repo\commons-logging\commons-logging\1.1.1\commons-logging-1.1.1.jar;D:\maven-repo\com\oracle\ojdbc6\11.2.0.1.0\ojdbc6-11.2.0.1.0.jar;"/>
    <property name="java.vm.specification.version" value="1.0"/>
    <property name="sun.arch.data.model" value="64"/>
    <property name="java.home" value="C:\Program Files\Java\jdk1.6.0_43\jre"/>
    <property name="sun.java.command" value="C:\Users\patkim\AppData\Local\Temp\surefirebooter3358719038438480798.jar C:\Users\patkim\AppData\Local\Temp\surefire697469283272958904tmp C:\Users\patkim\AppData\Local\Temp\surefire3321615909798013200tmp"/>
    <property name="java.specification.vendor" value="Sun Microsystems Inc."/>
    <property name="user.language" value="en"/>
    <property name="awt.toolkit" value="sun.awt.windows.WToolkit"/>
    <property name="java.vm.info" value="mixed mode"/>
    <property name="java.version" value="1.6.0_43"/>
    <property name="java.ext.dirs" value="C:\Program Files\Java\jdk1.6.0_43\jre\lib\ext;C:\windows\Sun\Java\lib\ext"/>
    <property name="sun.boot.class.path" value="C:\Program Files\Java\jdk1.6.0_43\jre\lib\resources.jar;C:\Program Files\Java\jdk1.6.0_43\jre\lib\rt.jar;C:\Program Files\Java\jdk1.6.0_43\jre\lib\sunrsasign.jar;C:\Program Files\Java\jdk1.6.0_43\jre\lib\jsse.jar;C:\Program Files\Java\jdk1.6.0_43\jre\lib\jce.jar;C:\Program Files\Java\jdk1.6.0_43\jre\lib\charsets.jar;C:\Program Files\Java\jdk1.6.0_43\jre\lib\modules\jdk.boot.jar;C:\Program Files\Java\jdk1.6.0_43\jre\classes"/>
    <property name="java.vendor" value="Sun Microsystems Inc."/>
    <property name="localRepository" value="D:\maven-repo"/>
    <property name="file.separator" value="\"/>
    <property name="java.vendor.url.bug" value="http://java.sun.com/cgi-bin/bugreport.cgi"/>
    <property name="sun.cpu.endian" value="little"/>
    <property name="sun.io.unicode.encoding" value="UnicodeLittle"/>
    <property name="sun.desktop" value="windows"/>
    <property name="sun.cpu.isalist" value="amd64"/>
  </properties>
</testsuite>